<?xml version="1.0" encoding="UTF-8"?>
<testng-results skipped="0" failed="0" ignored="0" total="1" passed="1">
  <reporter-output>
  </reporter-output>
  <suite name="orgTests.LoginPageTest" duration-ms="8663" started-at="2020-03-27T09:32:25Z" finished-at="2020-03-27T09:32:34Z">
    <groups>
    </groups>
    <test name="Command line test" duration-ms="8663" started-at="2020-03-27T09:32:25Z" finished-at="2020-03-27T09:32:34Z">
      <class name="orgTests.LoginPageTest">
        <test-method status="PASS" signature="loginP()[pri:0, instance:orgTests.LoginPageTest@3f9342d4]" name="loginP" duration-ms="8578" started-at="2020-03-27T15:02:25Z" finished-at="2020-03-27T15:02:34Z">
          <reporter-output>
          </reporter-output>
        </test-method> <!-- loginP -->
        <test-method status="PASS" signature="tearDown()[pri:0, instance:orgTests.LoginPageTest@3f9342d4]" name="tearDown" is-config="true" duration-ms="69" started-at="2020-03-27T15:02:34Z" finished-at="2020-03-27T15:02:34Z">
          <reporter-output>
          </reporter-output>
        </test-method> <!-- tearDown -->
      </class> <!-- orgTests.LoginPageTest -->
    </test> <!-- Command line test -->
  </suite> <!-- orgTests.LoginPageTest -->
</testng-results>
