<?xml version="1.0" encoding="UTF-8"?>
<testsuite xmlns:xsi="http://www.w3.org/2001/XMLSchema-instance" xsi:noNamespaceSchemaLocation="https://maven.apache.org/surefire/maven-surefire-plugin/xsd/surefire-test-report-3.0.xsd" version="3.0" name="TestSuite" time="31.45" tests="1" errors="0" skipped="0" failures="1">
  <properties>
[...]
</properties>
  <testcase name="loginP" classname="orgTests.LoginPageTest" time="19.297">
    <failure message="element not interactable&#10;  (Session info: chrome=80.0.3987.149)&#10;Build info: version: &apos;3.141.59&apos;, revision: &apos;e82be7d358&apos;, time: &apos;2018-11-14T08:17:03&apos;&#10;System info: host: &apos;SAMLP17080055&apos;, ip: &apos;172.25.0.1&apos;, os.name: &apos;Windows 10&apos;, os.arch: &apos;amd64&apos;, os.version: &apos;10.0&apos;, java.version: &apos;1.8.0_201&apos;&#10;Driver info: org.openqa.selenium.chrome.ChromeDriver&#10;Capabilities {acceptInsecureCerts: false, browserName: chrome, browserVersion: 80.0.3987.149, chrome: {chromedriverVersion: 80.0.3987.106 (f68069574609..., userDataDir: C:\Users\KARTHI~1.SUB\AppDa...}, goog:chromeOptions: {debuggerAddress: localhost:58041}, javascriptEnabled: true, networkConnectionEnabled: false, pageLoadStrategy: normal, platform: WINDOWS, platformName: WINDOWS, proxy: Proxy(), setWindowRect: true, strictFileInteractability: false, timeouts: {implicit: 0, pageLoad: 300000, script: 30000}, unhandledPromptBehavior: dismiss and notify}&#10;Session ID: 0e5205700078872efe3b704cb7145628" type="org.openqa.selenium.ElementNotInteractableException"><![CDATA[org.openqa.selenium.ElementNotInteractableException: 
element not interactable
  (Session info: chrome=80.0.3987.149)
Build info: version: '3.141.59', revision: 'e82be7d358', time: '2018-11-14T08:17:03'
System info: host: 'SAMLP17080055', ip: '172.25.0.1', os.name: 'Windows 10', os.arch: 'amd64', os.version: '10.0', java.version: '1.8.0_201'
Driver info: org.openqa.selenium.chrome.ChromeDriver
Capabilities {acceptInsecureCerts: false, browserName: chrome, browserVersion: 80.0.3987.149, chrome: {chromedriverVersion: 80.0.3987.106 (f68069574609..., userDataDir: C:\Users\KARTHI~1.SUB\AppDa...}, goog:chromeOptions: {debuggerAddress: localhost:58041}, javascriptEnabled: true, networkConnectionEnabled: false, pageLoadStrategy: normal, platform: WINDOWS, platformName: WINDOWS, proxy: Proxy(), setWindowRect: true, strictFileInteractability: false, timeouts: {implicit: 0, pageLoad: 300000, script: 30000}, unhandledPromptBehavior: dismiss and notify}
Session ID: 0e5205700078872efe3b704cb7145628
	at orgTests.LoginPageTest.loginP(LoginPageTest.java:43)
]]></failure>
    <system-err><![CDATA[Starting ChromeDriver 80.0.3987.106 (f68069574609230cf9b635cd784cfb1bf81bb53a-refs/branch-heads/3987@{#882}) on port 10497
Only local connections are allowed.
Please protect ports used by ChromeDriver and related test frameworks to prevent access by malicious code.
Mar 27, 2020 3:01:21 PM org.openqa.selenium.remote.ProtocolHandshake createSession
INFO: Detected dialect: W3C
[1585301482.989][SEVERE]: Timed out receiving message from renderer: 0.100
[1585301483.093][SEVERE]: Timed out receiving message from renderer: 0.100
[1585301483.197][SEVERE]: Timed out receiving message from renderer: 0.100
[1585301483.299][SEVERE]: Timed out receiving message from renderer: 0.100
[1585301483.404][SEVERE]: Timed out receiving message from renderer: 0.100
[1585301483.505][SEVERE]: Timed out receiving message from renderer: 0.100
[1585301483.607][SEVERE]: Timed out receiving message from renderer: 0.100
[1585301483.709][SEVERE]: Timed out receiving message from renderer: 0.100
[1585301483.815][SEVERE]: Timed out receiving message from renderer: 0.100
[1585301483.916][SEVERE]: Timed out receiving message from renderer: 0.100
[1585301484.018][SEVERE]: Timed out receiving message from renderer: 0.100
[1585301484.121][SEVERE]: Timed out receiving message from renderer: 0.100
[1585301484.227][SEVERE]: Timed out receiving message from renderer: 0.100
[1585301484.328][SEVERE]: Timed out receiving message from renderer: 0.100
[1585301484.430][SEVERE]: Timed out receiving message from renderer: 0.100
[1585301484.531][SEVERE]: Timed out receiving message from renderer: 0.100
[1585301484.681][SEVERE]: Timed out receiving message from renderer: 0.100
[1585301484.937][SEVERE]: Timed out receiving message from renderer: 0.100
[1585301485.042][SEVERE]: Timed out receiving message from renderer: 0.100
[1585301485.233][SEVERE]: Timed out receiving message from renderer: 0.100
[1585301485.336][SEVERE]: Timed out receiving message from renderer: 0.100
[1585301485.495][SEVERE]: Timed out receiving message from renderer: 0.100
[1585301485.596][SEVERE]: Timed out receiving message from renderer: 0.100
[1585301485.768][SEVERE]: Timed out receiving message from renderer: 0.100
[1585301485.871][SEVERE]: Timed out receiving message from renderer: 0.100
[1585301486.043][SEVERE]: Timed out receiving message from renderer: 0.100
[1585301486.144][SEVERE]: Timed out receiving message from renderer: 0.100
[1585301486.350][SEVERE]: Timed out receiving message from renderer: 0.100
[1585301486.455][SEVERE]: Timed out receiving message from renderer: 0.100
[1585301486.556][SEVERE]: Timed out receiving message from renderer: 0.100
[1585301486.657][SEVERE]: Timed out receiving message from renderer: 0.100
[1585301486.758][SEVERE]: Timed out receiving message from renderer: 0.100
[1585301489.996][SEVERE]: Timed out receiving message from renderer: 0.100
[1585301490.097][SEVERE]: Timed out receiving message from renderer: 0.100
[1585301490.199][SEVERE]: Timed out receiving message from renderer: 0.100
[1585301490.300][SEVERE]: Timed out receiving message from renderer: 0.100
[1585301490.401][SEVERE]: Timed out receiving message from renderer: 0.100
[1585301490.576][SEVERE]: Timed out receiving message from renderer: 0.100
[1585301490.763][SEVERE]: Timed out receiving message from renderer: 0.100
[1585301490.864][SEVERE]: Timed out receiving message from renderer: 0.100
[1585301490.965][SEVERE]: Timed out receiving message from renderer: 0.100
[1585301491.066][SEVERE]: Timed out receiving message from renderer: 0.100
[1585301491.169][SEVERE]: Timed out receiving message from renderer: 0.100
[1585301491.270][SEVERE]: Timed out receiving message from renderer: 0.100
[1585301491.372][SEVERE]: Timed out receiving message from renderer: 0.100
[1585301491.474][SEVERE]: Timed out receiving message from renderer: 0.100
[1585301491.576][SEVERE]: Timed out receiving message from renderer: 0.100
[1585301491.677][SEVERE]: Timed out receiving message from renderer: 0.100
[1585301491.778][SEVERE]: Timed out receiving message from renderer: 0.100
]]></system-err>
  </testcase>
</testsuite>