<?xml version="1.0" encoding="UTF-8"?>
<testng-results skipped="0" failed="0" ignored="0" total="1" passed="1">
  <reporter-output>
  </reporter-output>
  <suite name="Suite" duration-ms="10922" started-at="2020-03-26T12:56:54Z" finished-at="2020-03-26T12:57:05Z">
    <groups>
    </groups>
    <test name="Test" duration-ms="10922" started-at="2020-03-26T12:56:54Z" finished-at="2020-03-26T12:57:05Z">
      <class name="orgTests.LoginPageTest">
        <test-method status="PASS" signature="loginP()[pri:0, instance:orgTests.LoginPageTest@6fb365ed]" name="loginP" duration-ms="10728" started-at="2020-03-26T18:26:54Z" finished-at="2020-03-26T18:27:05Z">
          <reporter-output>
          </reporter-output>
        </test-method> <!-- loginP -->
        <test-method status="PASS" signature="tearDown()[pri:0, instance:orgTests.LoginPageTest@6fb365ed]" name="tearDown" is-config="true" duration-ms="146" started-at="2020-03-26T18:27:05Z" finished-at="2020-03-26T18:27:05Z">
          <reporter-output>
          </reporter-output>
        </test-method> <!-- tearDown -->
      </class> <!-- orgTests.LoginPageTest -->
    </test> <!-- Test -->
  </suite> <!-- Suite -->
</testng-results>
